<?xml version="1.0" encoding="UTF-8"?>
<!-- Generated by org.testng.reporters.JUnitReportReporter -->
<testsuite hostname="Deshan" failures="0" tests="2" name="com.qa.letcode.tests.InputPageTest" time="4.922" errors="0" timestamp="05 Jun 2021 13:12:41 GMT" skipped="0">
  <testcase classname="com.qa.letcode.tests.InputPageTest" name="inputTes1" time="4.916"/>
  <testcase classname="com.qa.letcode.tests.InputPageTest" name="inputTest2" time="0.006"/>
</testsuite> <!-- com.qa.letcode.tests.InputPageTest -->
