<?xml version="1.0" encoding="UTF-8"?>
<!-- Generated by org.testng.reporters.JUnitReportReporter -->
<testsuite hostname="Deshan" failures="0" tests="1" name="com.qa.letcode.tests.ButtonPageTest" time="4.372" errors="0" timestamp="05 Jun 2021 13:12:41 GMT" skipped="0">
  <testcase classname="com.qa.letcode.tests.ButtonPageTest" name="inputTes1" time="4.372"/>
</testsuite> <!-- com.qa.letcode.tests.ButtonPageTest -->
