<?xml version="1.0" encoding="UTF-8"?>
<!-- Generated by org.testng.reporters.JUnitReportReporter -->
<testsuite hostname="Deshan" failures="0" tests="1" name="com.qa.letcode.tests.ButtonPageTest" time="2.371" errors="0" timestamp="05 Jun 2021 17:32:50 GMT" skipped="0">
  <testcase classname="com.qa.letcode.tests.ButtonPageTest" name="inputTes1" time="2.371"/>
</testsuite> <!-- com.qa.letcode.tests.ButtonPageTest -->
